2018-03-07 18:23:39,383 INFO     12543      create directory 妖神记漫画 success.

2018-03-07 18:24:08,534 ERROR    12543      create directory 妖神记漫画 failed, have a same name file or directory

2018-03-07 18:28:16,968 ERROR    12543      create directory 妖神记漫画 failed, have a same name file or directory

2018-03-07 18:32:17,270 ERROR    12543      create directory 妖神记漫画 failed, have a same name file or directory

2018-03-07 18:50:02,258 ERROR    12543      create directory 妖神记漫画 failed, have a same name file or directory

2018-03-07 18:55:50,567 ERROR    12543      create directory 妖神记漫画 failed, have a same name file or directory

2018-03-07 18:55:50,972 INFO     12543      save img 1.png

2018-03-07 19:03:34,787 ERROR    12543      create directory 妖神记漫画 failed, have a same name file or directory

2018-03-07 19:03:35,142 INFO     12543      save img 1.png

2018-03-07 19:03:40,500 INFO     12543      save img 2.png

2018-03-07 19:03:45,820 INFO     12543      save img 3.png

2018-03-07 19:03:51,253 INFO     12543      save img 4.png

2018-03-07 19:03:56,593 INFO     12543      save img 5.png

2018-03-07 19:04:01,977 INFO     12543      save img 6.png

2018-03-07 19:04:07,339 INFO     12543      save img 7.png

2018-03-07 19:04:12,763 INFO     12543      save img 8.png

2018-03-07 19:04:18,139 INFO     12543      save img 9.png

2018-03-07 19:04:23,547 INFO     12543      save img 10.png

2018-03-07 19:04:28,942 INFO     12543      save img 11.png

2018-03-07 19:04:34,354 INFO     12543      save img 12.png

2018-03-07 19:04:39,690 INFO     12543      save img 13.png

2018-03-07 19:04:45,049 INFO     12543      save img 14.png

2018-03-07 19:04:50,434 INFO     12543      save img 15.png

2018-03-07 19:04:55,487 INFO     12543      save img success.

2018-03-07 19:11:55,591 ERROR    12543      create directory 妖神记漫画 failed, have a same name file or directory

2018-03-07 19:11:55,938 INFO     12543      save img 1.png

2018-03-07 19:12:01,304 INFO     12543      save img 2.png

2018-03-07 19:12:06,690 INFO     12543      save img 3.png

2018-03-07 19:12:12,076 INFO     12543      save img 4.png

2018-03-07 19:12:17,460 INFO     12543      save img 5.png

2018-03-07 19:12:22,835 INFO     12543      save img 6.png

2018-03-07 19:12:28,239 INFO     12543      save img 7.png

2018-03-07 19:12:33,592 INFO     12543      save img 8.png

2018-03-07 19:12:38,996 INFO     12543      save img 9.png

2018-03-07 19:12:44,411 INFO     12543      save img 10.png

2018-03-07 19:12:49,841 INFO     12543      save img 11.png

2018-03-07 19:12:55,206 INFO     12543      save img 12.png

2018-03-07 19:13:00,582 INFO     12543      save img 13.png

2018-03-07 19:13:05,952 INFO     12543      save img 14.png

2018-03-07 19:13:11,349 INFO     12543      save img 15.png

2018-03-07 19:13:16,764 INFO     12543      save img 16.png

2018-03-07 19:13:21,845 INFO     12543      save img success.

2018-03-07 19:20:42,852 ERROR    12543      create directory 妖神记漫画 failed, have a same name file or directory

2018-03-07 19:26:34,948 ERROR    12543      create directory 妖神记漫画 failed, have a same name file or directory

2018-03-07 19:26:35,303 INFO     12543      save img 1.png

2018-03-07 19:26:40,650 INFO     12543      save img 2.png

2018-03-07 19:26:45,970 INFO     12543      save img 3.png

2018-03-07 19:26:51,311 INFO     12543      save img 4.png

2018-03-07 19:26:56,659 INFO     12543      save img 5.png

2018-03-07 19:27:02,055 INFO     12543      save img 6.png

2018-03-07 19:27:07,484 INFO     12543      save img 7.png

2018-03-07 19:27:12,862 INFO     12543      save img 8.png

2018-03-07 19:27:18,270 INFO     12543      save img 9.png

2018-03-07 19:27:23,673 INFO     12543      save img 10.png

2018-03-07 19:27:29,077 INFO     12543      save img 11.png

2018-03-07 19:27:34,494 INFO     12543      save img 12.png

2018-03-07 19:27:39,829 INFO     12543      save img 13.png

2018-03-07 19:27:45,162 INFO     12543      save img 14.png

2018-03-07 19:27:50,511 INFO     12543      save img 15.png

2018-03-07 19:27:55,840 INFO     12543      save img 16.png

2018-03-07 19:28:00,893 INFO     12543      save img success.

2018-03-07 19:32:26,999 ERROR    12543      create directory 妖神记漫画 failed, have a same name file or directory

2018-03-07 19:32:27,039 INFO     12543      save img 1.png

2018-03-07 19:32:53,481 INFO     12543      save img 2.png

2018-03-07 19:32:58,533 INFO     12543      save img 3.png

2018-03-07 19:33:03,581 INFO     12543      save img 4.png

2018-03-07 19:33:08,628 INFO     12543      save img 5.png

2018-03-07 19:33:13,679 INFO     12543      save img 6.png

2018-03-07 19:33:18,732 INFO     12543      save img 7.png

2018-03-07 19:33:23,768 INFO     12543      save img 8.png

2018-03-07 19:33:28,829 INFO     12543      save img 9.png

2018-03-07 19:33:33,870 INFO     12543      save img 10.png

2018-03-07 19:33:38,905 INFO     12543      save img 11.png

2018-03-07 19:33:43,950 INFO     12543      save img 12.png

2018-03-07 19:33:49,001 INFO     12543      save img 13.png

2018-03-07 19:33:54,040 INFO     12543      save img 14.png

2018-03-07 19:33:59,089 INFO     12543      save img 15.png

2018-03-07 19:34:04,143 INFO     12543      save img 16.png

2018-03-07 19:34:09,182 INFO     12543      save img success.

2018-03-07 19:37:18,217 ERROR    12543      create directory 妖神记漫画 failed, have a same name file or directory

2018-03-07 19:37:19,778 INFO     12543      save img 1.png

2018-03-07 19:37:29,651 INFO     12543      save img 2.png

2018-03-07 19:37:36,727 INFO     12543      save img 3.png

2018-03-07 19:37:45,662 INFO     12543      save img 4.png

2018-03-07 19:37:52,388 INFO     12543      save img 5.png

2018-03-07 19:37:59,655 INFO     12543      save img 6.png

2018-03-07 19:38:07,362 INFO     12543      save img 7.png

2018-03-07 19:38:14,975 INFO     12543      save img 8.png

2018-03-07 19:38:22,026 INFO     12543      save img 9.png

2018-03-07 19:38:29,115 INFO     12543      save img 10.png

2018-03-07 19:38:37,652 INFO     12543      save img 11.png

2018-03-07 19:38:46,068 INFO     12543      save img 12.png

2018-03-07 19:38:55,235 INFO     12543      save img 13.png

2018-03-07 19:39:02,868 INFO     12543      save img 14.png

2018-03-07 19:39:09,966 INFO     12543      save img 15.png

2018-03-07 19:39:17,060 INFO     12543      save img 16.png

2018-03-07 19:39:22,095 INFO     12543      save img success.

2018-03-07 20:20:11,050 ERROR    12543      create directory 妖神记漫画 failed, have a same name file or directory

2018-03-07 20:20:13,135 INFO     12543      save img 1.png

2018-03-07 20:20:20,845 INFO     12543      save img 2.png

2018-03-07 20:20:29,020 INFO     12543      save img 3.png

2018-03-07 20:20:36,749 INFO     12543      save img 4.png

2018-03-07 20:20:45,747 INFO     12543      save img 5.png

2018-03-07 20:20:53,440 INFO     12543      save img 6.png

2018-03-07 20:21:01,478 INFO     12543      save img 7.png

2018-03-07 20:21:09,885 INFO     12543      save img 8.png

2018-03-07 20:21:19,209 INFO     12543      save img 9.png

2018-03-07 20:21:26,016 INFO     12543      save img 10.png

2018-03-07 20:21:34,826 INFO     12543      save img 11.png

2018-03-07 20:21:45,981 INFO     12543      save img 12.png

2018-03-07 20:21:57,046 INFO     12543      save img 13.png

2018-03-07 20:22:04,979 INFO     12543      save img 14.png

2018-03-07 20:22:15,535 INFO     12543      save img 15.png

2018-03-07 20:22:23,303 INFO     12543      save img 16.png

2018-03-07 20:22:28,344 INFO     12543      save img success.

2018-03-07 20:41:41,913 ERROR    12543      create directory 妖神记漫画 failed, have a same name file or directory

2018-03-07 20:41:41,917 INFO     12543      create directory 第1回,重生 success.

2018-03-07 20:41:44,106 INFO     12543      save img 第1回,重生 1.png

2018-03-07 20:41:52,388 INFO     12543      save img 第1回,重生 2.png

2018-03-07 20:42:00,795 INFO     12543      save img 第1回,重生 3.png

2018-03-07 20:42:09,388 INFO     12543      save img 第1回,重生 4.png

2018-03-07 20:42:17,546 INFO     12543      save img 第1回,重生 5.png

2018-03-07 20:42:25,897 INFO     12543      save img 第1回,重生 6.png

2018-03-07 20:42:34,221 INFO     12543      save img 第1回,重生 7.png

2018-03-07 20:42:42,139 INFO     12543      save img 第1回,重生 8.png

2018-03-07 20:42:50,362 INFO     12543      save img 第1回,重生 9.png

2018-03-07 20:42:57,088 INFO     12543      save img 第1回,重生 10.png

2018-03-07 20:43:04,340 INFO     12543      save img 第1回,重生 11.png

2018-03-07 20:43:12,081 INFO     12543      save img 第1回,重生 12.png

2018-03-07 20:43:20,330 INFO     12543      save img 第1回,重生 13.png

2018-03-07 20:43:27,680 INFO     12543      save img 第1回,重生 14.png

2018-03-07 20:43:34,654 INFO     12543      save img 第1回,重生 15.png

2018-03-07 20:43:42,058 INFO     12543      save img 第1回,重生 16.png

2018-03-07 20:43:47,092 INFO     12543      save img of 第1回,重生 success.

2018-03-07 20:43:49,692 INFO     12543      create directory 第2回,坐井观天 success.

2018-03-07 20:43:51,334 INFO     12543      save img 第2回,坐井观天 1.png

2018-03-07 20:44:03,643 INFO     12543      save img 第2回,坐井观天 2.png

2018-03-07 20:44:12,399 INFO     12543      save img 第2回,坐井观天 3.png

2018-03-07 20:44:21,057 INFO     12543      save img 第2回,坐井观天 4.png

2018-03-07 20:44:30,180 INFO     12543      save img 第2回,坐井观天 5.png

2018-03-07 20:44:39,419 INFO     12543      save img 第2回,坐井观天 6.png

2018-03-07 20:44:47,983 INFO     12543      save img 第2回,坐井观天 7.png

2018-03-07 20:44:56,919 INFO     12543      save img 第2回,坐井观天 8.png

2018-03-07 20:45:05,626 INFO     12543      save img 第2回,坐井观天 9.png

2018-03-07 20:45:13,656 INFO     12543      save img 第2回,坐井观天 10.png

2018-03-07 20:45:20,478 INFO     12543      save img 第2回,坐井观天 11.png

2018-03-07 20:45:27,925 INFO     12543      save img 第2回,坐井观天 12.png

2018-03-07 20:45:35,394 INFO     12543      save img 第2回,坐井观天 13.png

2018-03-07 20:45:40,432 INFO     12543      save img of 第2回,坐井观天 success.

2018-03-07 20:45:45,677 INFO     12543      create directory 第3回,兄弟 success.

2018-03-07 20:45:47,329 INFO     12543      save img 第3回,兄弟 1.png

2018-03-07 20:45:55,475 INFO     12543      save img 第3回,兄弟 2.png

2018-03-07 20:46:02,101 INFO     12543      save img 第3回,兄弟 3.png

2018-03-07 20:46:11,274 INFO     12543      save img 第3回,兄弟 4.png

2018-03-07 20:46:21,084 INFO     12543      save img 第3回,兄弟 5.png

2018-03-07 20:46:31,407 INFO     12543      save img 第3回,兄弟 6.png

2018-03-07 20:46:40,648 INFO     12543      save img 第3回,兄弟 7.png

2018-03-07 20:46:49,769 INFO     12543      save img 第3回,兄弟 8.png

2018-03-07 20:46:57,916 INFO     12543      save img 第3回,兄弟 9.png

2018-03-07 20:47:06,604 INFO     12543      save img 第3回,兄弟 10.png

2018-03-07 20:47:15,205 INFO     12543      save img 第3回,兄弟 11.png

2018-03-07 20:47:24,877 INFO     12543      save img 第3回,兄弟 12.png

2018-03-07 20:47:33,295 INFO     12543      save img 第3回,兄弟 13.png

2018-03-07 20:47:40,535 INFO     12543      save img 第3回,兄弟 14.png

2018-03-07 20:47:48,069 INFO     12543      save img 第3回,兄弟 15.png

2018-03-07 20:47:55,872 INFO     12543      save img 第3回,兄弟 16.png

2018-03-07 20:48:00,909 INFO     12543      save img of 第3回,兄弟 success.

2018-03-07 20:57:39,362 ERROR    12543      create directory 妖神记漫画 failed, have a same name file or directory

2018-03-07 20:59:19,446 ERROR    12543      create directory 妖神记漫画 failed, have a same name file or directory

2018-03-07 20:59:19,484 INFO     12543      create directory 第4回 钱可通神 success.

2018-03-07 20:59:21,009 INFO     12543      save img 第4回 钱可通神 1.png

2018-03-07 21:01:26,467 ERROR    12543      create directory 妖神记漫画 failed, have a same name file or directory

2018-03-07 21:01:26,502 ERROR    12543      create directory 第4回 钱可通神 failed, have a same name file or directory

2018-03-07 21:01:28,054 INFO     12543      save img 第4回 钱可通神 1.png

2018-03-07 21:01:35,734 INFO     12543      save img 第4回 钱可通神 2.png

2018-03-07 21:01:43,756 INFO     12543      save img 第4回 钱可通神 3.png

2018-03-07 21:01:53,262 INFO     12543      save img 第4回 钱可通神 4.png

2018-03-07 21:02:01,745 INFO     12543      save img 第4回 钱可通神 5.png

2018-03-07 21:02:10,125 INFO     12543      save img 第4回 钱可通神 6.png

2018-03-07 21:02:18,129 INFO     12543      save img 第4回 钱可通神 7.png

2018-03-07 21:02:26,159 INFO     12543      save img 第4回 钱可通神 8.png

2018-03-07 21:02:34,362 INFO     12543      save img 第4回 钱可通神 9.png

2018-03-07 21:02:42,196 INFO     12543      save img 第4回 钱可通神 10.png

2018-03-07 21:02:49,278 INFO     12543      save img 第4回 钱可通神 11.png

2018-03-07 21:02:56,663 INFO     12543      save img 第4回 钱可通神 12.png

2018-03-07 21:03:04,419 INFO     12543      save img 第4回 钱可通神 13.png

2018-03-07 21:03:11,555 INFO     12543      save img 第4回 钱可通神 14.png

2018-03-07 21:03:16,594 INFO     12543      save img of 第4回 钱可通神 success.

2018-03-07 21:03:22,658 INFO     12543      create directory 第5回 开始行动 success.

2018-03-07 21:03:24,359 INFO     12543      save img 第5回 开始行动 1.png

2018-03-07 21:03:31,741 INFO     12543      save img 第5回 开始行动 2.png

2018-03-07 21:03:40,043 INFO     12543      save img 第5回 开始行动 3.png

2018-03-07 21:03:47,247 INFO     12543      save img 第5回 开始行动 4.png

2018-03-07 21:03:58,592 INFO     12543      save img 第5回 开始行动 5.png

2018-03-07 21:04:06,253 INFO     12543      save img 第5回 开始行动 6.png

2018-03-07 21:04:17,245 INFO     12543      save img 第5回 开始行动 7.png

2018-03-07 21:04:24,255 INFO     12543      save img 第5回 开始行动 8.png

2018-03-07 21:04:31,412 INFO     12543      save img 第5回 开始行动 9.png

2018-03-07 21:04:38,831 INFO     12543      save img 第5回 开始行动 10.png

2018-03-07 21:04:48,076 INFO     12543      save img 第5回 开始行动 11.png

2018-03-07 21:04:55,395 INFO     12543      save img 第5回 开始行动 12.png

2018-03-07 21:05:05,431 INFO     12543      save img 第5回 开始行动 13.png

2018-03-07 21:05:13,274 INFO     12543      save img 第5回 开始行动 14.png

2018-03-07 21:05:21,533 INFO     12543      save img 第5回 开始行动 15.png

2018-03-07 21:05:31,785 INFO     12543      save img 第5回 开始行动 16.png

2018-03-07 21:05:38,737 INFO     12543      save img 第5回 开始行动 17.png

2018-03-07 21:05:45,769 INFO     12543      save img 第5回 开始行动 18.png

2018-03-07 21:05:54,634 INFO     12543      save img 第5回 开始行动 19.png

2018-03-07 21:06:03,140 INFO     12543      save img 第5回 开始行动 20.png

2018-03-07 21:06:12,246 INFO     12543      save img 第5回 开始行动 21.png

2018-03-07 21:06:17,296 INFO     12543      save img of 第5回 开始行动 success.

2018-03-07 21:06:19,819 INFO     12543      create directory 第6回 角羊杀手 success.

2018-03-07 21:06:21,815 INFO     12543      save img 第6回 角羊杀手 1.png

2018-03-07 21:06:29,146 INFO     12543      save img 第6回 角羊杀手 2.png

2018-03-07 21:06:38,325 INFO     12543      save img 第6回 角羊杀手 3.png

2018-03-07 21:06:47,139 INFO     12543      save img 第6回 角羊杀手 4.png

2018-03-07 21:06:56,223 INFO     12543      save img 第6回 角羊杀手 5.png

2018-03-07 21:07:04,784 INFO     12543      save img 第6回 角羊杀手 6.png

2018-03-07 21:07:12,519 INFO     12543      save img 第6回 角羊杀手 7.png

2018-03-07 21:07:22,168 INFO     12543      save img 第6回 角羊杀手 8.png

2018-03-07 21:07:31,842 INFO     12543      save img 第6回 角羊杀手 9.png

2018-03-07 21:07:41,690 INFO     12543      save img 第6回 角羊杀手 10.png

2018-03-07 21:07:49,247 INFO     12543      save img 第6回 角羊杀手 11.png

2018-03-07 21:07:57,983 INFO     12543      save img 第6回 角羊杀手 12.png

2018-03-07 21:08:04,860 INFO     12543      save img 第6回 角羊杀手 13.png

2018-03-07 21:08:13,275 INFO     12543      save img 第6回 角羊杀手 14.png

2018-03-07 21:08:22,593 INFO     12543      save img 第6回 角羊杀手 15.png

2018-03-07 21:08:32,391 INFO     12543      save img 第6回 角羊杀手 16.png

2018-03-07 21:08:42,298 INFO     12543      save img 第6回 角羊杀手 17.png

2018-03-07 21:08:50,866 INFO     12543      save img 第6回 角羊杀手 18.png

2018-03-07 21:08:59,081 INFO     12543      save img 第6回 角羊杀手 19.png

2018-03-07 21:09:04,121 INFO     12543      save img of 第6回 角羊杀手 success.

2018-03-07 21:09:06,791 INFO     12543      create directory 第7回 肖凝儿 success.

2018-03-07 21:09:08,744 INFO     12543      save img 第7回 肖凝儿 1.png

2018-03-07 21:09:17,772 INFO     12543      save img 第7回 肖凝儿 2.png

2018-03-07 21:09:24,451 INFO     12543      save img 第7回 肖凝儿 3.png

2018-03-07 21:09:33,307 INFO     12543      save img 第7回 肖凝儿 4.png

2018-03-07 21:09:42,775 INFO     12543      save img 第7回 肖凝儿 5.png

2018-03-07 21:09:52,937 INFO     12543      save img 第7回 肖凝儿 6.png

2018-03-07 21:10:02,441 INFO     12543      save img 第7回 肖凝儿 7.png

2018-03-07 21:10:12,314 INFO     12543      save img 第7回 肖凝儿 8.png

2018-03-07 21:10:19,231 INFO     12543      save img 第7回 肖凝儿 9.png

2018-03-07 21:10:26,677 INFO     12543      save img 第7回 肖凝儿 10.png

2018-03-07 21:10:34,204 INFO     12543      save img 第7回 肖凝儿 11.png

2018-03-07 21:10:42,542 INFO     12543      save img 第7回 肖凝儿 12.png

2018-03-07 21:10:50,894 INFO     12543      save img 第7回 肖凝儿 13.png

2018-03-07 21:10:58,481 INFO     12543      save img 第7回 肖凝儿 14.png

2018-03-07 21:11:06,654 INFO     12543      save img 第7回 肖凝儿 15.png

2018-03-07 21:11:15,496 INFO     12543      save img 第7回 肖凝儿 16.png

2018-03-07 21:11:24,142 INFO     12543      save img 第7回 肖凝儿 17.png

2018-03-07 21:11:34,343 INFO     12543      save img 第7回 肖凝儿 18.png

2018-03-07 21:11:42,660 INFO     12543      save img 第7回 肖凝儿 19.png

2018-03-07 21:11:47,734 INFO     12543      save img of 第7回 肖凝儿 success.

2018-03-07 21:12:31,893 INFO     12543      create directory 第8回 疗伤 success.

2018-03-07 21:12:33,994 INFO     12543      save img 第8回 疗伤 1.png

2018-03-07 21:12:44,284 INFO     12543      save img 第8回 疗伤 2.png

2018-03-07 21:12:53,529 INFO     12543      save img 第8回 疗伤 3.png

2018-03-07 21:13:02,401 INFO     12543      save img 第8回 疗伤 4.png

2018-03-07 21:13:11,541 INFO     12543      save img 第8回 疗伤 5.png

2018-03-07 21:13:20,109 INFO     12543      save img 第8回 疗伤 6.png

2018-03-07 21:13:28,676 INFO     12543      save img 第8回 疗伤 7.png

2018-03-07 21:13:37,618 INFO     12543      save img 第8回 疗伤 8.png

2018-03-07 21:13:46,506 INFO     12543      save img 第8回 疗伤 9.png

2018-03-07 21:13:55,476 INFO     12543      save img 第8回 疗伤 10.png

2018-03-07 21:14:04,742 INFO     12543      save img 第8回 疗伤 11.png

2018-03-07 21:14:13,300 INFO     12543      save img 第8回 疗伤 12.png

2018-03-07 21:14:22,431 INFO     12543      save img 第8回 疗伤 13.png

2018-03-07 21:14:29,615 INFO     12543      save img 第8回 疗伤 14.png

2018-03-07 21:14:37,314 INFO     12543      save img 第8回 疗伤 15.png

2018-03-07 21:14:46,078 INFO     12543      save img 第8回 疗伤 16.png

2018-03-07 21:14:53,909 INFO     12543      save img 第8回 疗伤 17.png

2018-03-07 21:14:58,950 INFO     12543      save img of 第8回 疗伤 success.

2018-03-07 21:15:18,033 INFO     12543      create directory 第9回 肖凝儿的态度 success.

2018-03-07 21:15:19,398 INFO     12543      save img 第9回 肖凝儿的态度 1.png

2018-03-07 21:15:26,992 INFO     12543      save img 第9回 肖凝儿的态度 2.png

2018-03-07 21:15:34,098 INFO     12543      save img 第9回 肖凝儿的态度 3.png

2018-03-07 21:15:42,220 INFO     12543      save img 第9回 肖凝儿的态度 4.png

2018-03-07 21:15:49,447 INFO     12543      save img 第9回 肖凝儿的态度 5.png

2018-03-07 21:15:56,646 INFO     12543      save img 第9回 肖凝儿的态度 6.png

2018-03-07 21:16:04,195 INFO     12543      save img 第9回 肖凝儿的态度 7.png

2018-03-07 21:16:12,425 INFO     12543      save img 第9回 肖凝儿的态度 8.png

2018-03-07 21:16:21,059 INFO     12543      save img 第9回 肖凝儿的态度 9.png

2018-03-07 21:16:28,190 INFO     12543      save img 第9回 肖凝儿的态度 10.png

2018-03-07 21:16:36,565 INFO     12543      save img 第9回 肖凝儿的态度 11.png

2018-03-07 21:16:41,604 INFO     12543      save img of 第9回 肖凝儿的态度 success.

2018-03-07 21:16:46,889 INFO     12543      create directory 第10回 课前 success.

2018-03-07 21:16:48,359 INFO     12543      save img 第10回 课前 1.png

2018-03-07 21:16:56,258 INFO     12543      save img 第10回 课前 2.png

2018-03-07 21:17:04,082 INFO     12543      save img 第10回 课前 3.png

2018-03-07 21:17:13,798 INFO     12543      save img 第10回 课前 4.png

2018-03-07 21:17:22,331 INFO     12543      save img 第10回 课前 5.png

2018-03-07 21:17:31,254 INFO     12543      save img 第10回 课前 6.png

2018-03-07 21:17:40,457 INFO     12543      save img 第10回 课前 7.png

2018-03-07 21:17:48,511 INFO     12543      save img 第10回 课前 8.png

2018-03-07 21:17:53,543 INFO     12543      save img of 第10回 课前 success.

